{"/Users/stephane/Documents/GitHub/css-calipers/src/core.ts": {"path":"/Users/stephane/Documents/GitHub/css-calipers/src/core.ts","statementMap":{"0":{"start":{"line":64,"column":19},"end":{"line":64,"column":null}},"1":{"start":{"line":65,"column":20},"end":{"line":65,"column":null}},"2":{"start":{"line":66,"column":2},"end":{"line":73,"column":null}},"3":{"start":{"line":67,"column":4},"end":{"line":72,"column":null}},"4":{"start":{"line":76,"column":22},"end":{"line":83,"column":null}},"5":{"start":{"line":80,"column":2},"end":{"line":80,"column":null}},"6":{"start":{"line":80,"column":33},"end":{"line":80,"column":null}},"7":{"start":{"line":81,"column":2},"end":{"line":81,"column":null}},"8":{"start":{"line":82,"column":2},"end":{"line":82,"column":null}},"9":{"start":{"line":93,"column":4},"end":{"line":99,"column":null}},"10":{"start":{"line":94,"column":6},"end":{"line":98,"column":null}},"11":{"start":{"line":100,"column":27},"end":{"line":100,"column":null}},"12":{"start":{"line":101,"column":4},"end":{"line":101,"column":null}},"13":{"start":{"line":102,"column":4},"end":{"line":102,"column":null}},"14":{"start":{"line":103,"column":4},"end":{"line":108,"column":null}},"15":{"start":{"line":112,"column":4},"end":{"line":112,"column":null}},"16":{"start":{"line":116,"column":4},"end":{"line":116,"column":null}},"17":{"start":{"line":120,"column":4},"end":{"line":120,"column":null}},"18":{"start":{"line":124,"column":4},"end":{"line":124,"column":null}},"19":{"start":{"line":128,"column":4},"end":{"line":128,"column":null}},"20":{"start":{"line":132,"column":4},"end":{"line":132,"column":null}},"21":{"start":{"line":132,"column":27},"end":{"line":132,"column":null}},"22":{"start":{"line":133,"column":4},"end":{"line":133,"column":null}},"23":{"start":{"line":137,"column":4},"end":{"line":137,"column":null}},"24":{"start":{"line":141,"column":4},"end":{"line":149,"column":null}},"25":{"start":{"line":142,"column":6},"end":{"line":148,"column":null}},"26":{"start":{"line":156,"column":4},"end":{"line":163,"column":null}},"27":{"start":{"line":157,"column":6},"end":{"line":162,"column":null}},"28":{"start":{"line":167,"column":22},"end":{"line":167,"column":null}},"29":{"start":{"line":168,"column":4},"end":{"line":177,"column":null}},"30":{"start":{"line":169,"column":6},"end":{"line":175,"column":null}},"31":{"start":{"line":170,"column":8},"end":{"line":174,"column":null}},"32":{"start":{"line":176,"column":6},"end":{"line":176,"column":null}},"33":{"start":{"line":178,"column":4},"end":{"line":178,"column":null}},"34":{"start":{"line":182,"column":4},"end":{"line":190,"column":null}},"35":{"start":{"line":183,"column":6},"end":{"line":187,"column":null}},"36":{"start":{"line":188,"column":4},"end":{"line":190,"column":null}},"37":{"start":{"line":189,"column":6},"end":{"line":189,"column":null}},"38":{"start":{"line":191,"column":17},"end":{"line":191,"column":null}},"39":{"start":{"line":192,"column":4},"end":{"line":192,"column":null}},"40":{"start":{"line":192,"column":20},"end":{"line":192,"column":null}},"41":{"start":{"line":193,"column":4},"end":{"line":193,"column":null}},"42":{"start":{"line":197,"column":17},"end":{"line":197,"column":null}},"43":{"start":{"line":198,"column":4},"end":{"line":198,"column":null}},"44":{"start":{"line":202,"column":17},"end":{"line":202,"column":null}},"45":{"start":{"line":203,"column":4},"end":{"line":203,"column":null}},"46":{"start":{"line":207,"column":4},"end":{"line":207,"column":null}},"47":{"start":{"line":207,"column":22},"end":{"line":207,"column":null}},"48":{"start":{"line":208,"column":4},"end":{"line":208,"column":null}},"49":{"start":{"line":208,"column":22},"end":{"line":208,"column":null}},"50":{"start":{"line":209,"column":4},"end":{"line":210,"column":null}},"51":{"start":{"line":210,"column":6},"end":{"line":210,"column":null}},"52":{"start":{"line":211,"column":4},"end":{"line":211,"column":null}},"53":{"start":{"line":215,"column":4},"end":{"line":215,"column":null}},"54":{"start":{"line":215,"column":23},"end":{"line":215,"column":null}},"55":{"start":{"line":216,"column":4},"end":{"line":223,"column":null}},"56":{"start":{"line":217,"column":6},"end":{"line":222,"column":null}},"57":{"start":{"line":224,"column":19},"end":{"line":224,"column":null}},"58":{"start":{"line":225,"column":4},"end":{"line":232,"column":null}},"59":{"start":{"line":226,"column":6},"end":{"line":231,"column":null}},"60":{"start":{"line":233,"column":4},"end":{"line":233,"column":null}},"61":{"start":{"line":237,"column":4},"end":{"line":237,"column":null}},"62":{"start":{"line":241,"column":4},"end":{"line":241,"column":null}},"63":{"start":{"line":245,"column":4},"end":{"line":245,"column":null}},"64":{"start":{"line":249,"column":4},"end":{"line":249,"column":null}},"65":{"start":{"line":254,"column":6},"end":{"line":256,"column":null}},"66":{"start":{"line":257,"column":4},"end":{"line":257,"column":null}},"67":{"start":{"line":261,"column":4},"end":{"line":261,"column":null}},"68":{"start":{"line":265,"column":4},"end":{"line":265,"column":null}},"69":{"start":{"line":272,"column":4},"end":{"line":276,"column":null}},"70":{"start":{"line":277,"column":4},"end":{"line":281,"column":null}},"71":{"start":{"line":283,"column":21},"end":{"line":283,"column":null}},"72":{"start":{"line":284,"column":21},"end":{"line":284,"column":null}},"73":{"start":{"line":286,"column":4},"end":{"line":293,"column":null}},"74":{"start":{"line":287,"column":6},"end":{"line":292,"column":null}},"75":{"start":{"line":294,"column":4},"end":{"line":301,"column":null}},"76":{"start":{"line":295,"column":6},"end":{"line":300,"column":null}},"77":{"start":{"line":303,"column":20},"end":{"line":306,"column":null}},"78":{"start":{"line":307,"column":4},"end":{"line":307,"column":null}},"79":{"start":{"line":311,"column":4},"end":{"line":311,"column":null}},"80":{"start":{"line":315,"column":26},"end":{"line":318,"column":null}},"81":{"start":{"line":318,"column":24},"end":{"line":318,"column":null}},"82":{"start":{"line":320,"column":29},"end":{"line":322,"column":null}},"83":{"start":{"line":322,"column":32},"end":{"line":322,"column":null}},"84":{"start":{"line":324,"column":17},"end":{"line":328,"column":null}},"85":{"start":{"line":328,"column":2},"end":{"line":328,"column":null}},"86":{"start":{"line":339,"column":30},"end":{"line":348,"column":null}},"87":{"start":{"line":342,"column":25},"end":{"line":342,"column":null}},"88":{"start":{"line":343,"column":18},"end":{"line":344,"column":null}},"89":{"start":{"line":344,"column":4},"end":{"line":344,"column":null}},"90":{"start":{"line":345,"column":2},"end":{"line":347,"column":null}},"91":{"start":{"line":350,"column":44},"end":{"line":355,"column":null}},"92":{"start":{"line":355,"column":2},"end":{"line":355,"column":null}},"93":{"start":{"line":357,"column":39},"end":{"line":357,"column":null}},"94":{"start":{"line":372,"column":29},"end":{"line":377,"column":null}},"95":{"start":{"line":375,"column":2},"end":{"line":376,"column":null}},"96":{"start":{"line":376,"column":4},"end":{"line":376,"column":null}},"97":{"start":{"line":379,"column":30},"end":{"line":396,"column":null}},"98":{"start":{"line":382,"column":16},"end":{"line":382,"column":null}},"99":{"start":{"line":383,"column":2},"end":{"line":395,"column":null}},"100":{"start":{"line":387,"column":4},"end":{"line":394,"column":null}},"101":{"start":{"line":388,"column":6},"end":{"line":393,"column":null}},"102":{"start":{"line":398,"column":28},"end":{"line":407,"column":null}},"103":{"start":{"line":401,"column":2},"end":{"line":405,"column":null}},"104":{"start":{"line":409,"column":30},"end":{"line":415,"column":null}},"105":{"start":{"line":413,"column":2},"end":{"line":413,"column":null}},"106":{"start":{"line":414,"column":2},"end":{"line":414,"column":null}},"107":{"start":{"line":417,"column":30},"end":{"line":423,"column":null}},"108":{"start":{"line":421,"column":2},"end":{"line":421,"column":null}},"109":{"start":{"line":422,"column":2},"end":{"line":422,"column":null}},"110":{"start":{"line":425,"column":26},"end":{"line":429,"column":null}},"111":{"start":{"line":429,"column":5},"end":{"line":429,"column":null}},"112":{"start":{"line":431,"column":31},"end":{"line":444,"column":null}},"113":{"start":{"line":436,"column":4},"end":{"line":436,"column":null}},"114":{"start":{"line":437,"column":2},"end":{"line":443,"column":null}},"115":{"start":{"line":438,"column":4},"end":{"line":442,"column":null}}},"fnMap":{"0":{"name":"assertMatchingUnits","decl":{"start":{"line":59,"column":16},"end":{"line":59,"column":null}},"loc":{"start":{"line":63,"column":8},"end":{"line":74,"column":null}},"line":63},"1":{"name":"(anonymous_1)","decl":{"start":{"line":76,"column":22},"end":{"line":76,"column":null}},"loc":{"start":{"line":79,"column":13},"end":{"line":83,"column":null}},"line":79},"2":{"name":"(anonymous_2)","decl":{"start":{"line":92,"column":2},"end":{"line":92,"column":14}},"loc":{"start":{"line":92,"column":41},"end":{"line":109,"column":null}},"line":92},"3":{"name":"(anonymous_3)","decl":{"start":{"line":111,"column":2},"end":{"line":111,"column":16}},"loc":{"start":{"line":111,"column":16},"end":{"line":113,"column":null}},"line":111},"4":{"name":"(anonymous_4)","decl":{"start":{"line":115,"column":2},"end":{"line":115,"column":21}},"loc":{"start":{"line":115,"column":21},"end":{"line":117,"column":null}},"line":115},"5":{"name":"(anonymous_5)","decl":{"start":{"line":119,"column":2},"end":{"line":119,"column":18}},"loc":{"start":{"line":119,"column":18},"end":{"line":121,"column":null}},"line":119},"6":{"name":"(anonymous_6)","decl":{"start":{"line":123,"column":2},"end":{"line":123,"column":21}},"loc":{"start":{"line":123,"column":21},"end":{"line":125,"column":null}},"line":123},"7":{"name":"(anonymous_7)","decl":{"start":{"line":127,"column":2},"end":{"line":127,"column":20}},"loc":{"start":{"line":127,"column":20},"end":{"line":129,"column":null}},"line":127},"8":{"name":"(anonymous_8)","decl":{"start":{"line":131,"column":3},"end":{"line":131,"column":21}},"loc":{"start":{"line":131,"column":54},"end":{"line":134,"column":null}},"line":131},"9":{"name":"(anonymous_9)","decl":{"start":{"line":136,"column":2},"end":{"line":136,"column":9}},"loc":{"start":{"line":136,"column":36},"end":{"line":138,"column":null}},"line":136},"10":{"name":"(anonymous_10)","decl":{"start":{"line":140,"column":2},"end":{"line":140,"column":13}},"loc":{"start":{"line":140,"column":55},"end":{"line":150,"column":null}},"line":140},"11":{"name":"(anonymous_11)","decl":{"start":{"line":152,"column":2},"end":{"line":152,"column":null}},"loc":{"start":{"line":155,"column":10},"end":{"line":164,"column":null}},"line":155},"12":{"name":"(anonymous_12)","decl":{"start":{"line":166,"column":2},"end":{"line":166,"column":9}},"loc":{"start":{"line":166,"column":62},"end":{"line":179,"column":null}},"line":166},"13":{"name":"(anonymous_13)","decl":{"start":{"line":181,"column":2},"end":{"line":181,"column":10}},"loc":{"start":{"line":181,"column":62},"end":{"line":194,"column":null}},"line":181},"14":{"name":"(anonymous_14)","decl":{"start":{"line":196,"column":2},"end":{"line":196,"column":6}},"loc":{"start":{"line":196,"column":44},"end":{"line":199,"column":null}},"line":196},"15":{"name":"(anonymous_15)","decl":{"start":{"line":201,"column":2},"end":{"line":201,"column":11}},"loc":{"start":{"line":201,"column":49},"end":{"line":204,"column":null}},"line":201},"16":{"name":"(anonymous_16)","decl":{"start":{"line":206,"column":2},"end":{"line":206,"column":11}},"loc":{"start":{"line":206,"column":46},"end":{"line":212,"column":null}},"line":206},"17":{"name":"(anonymous_17)","decl":{"start":{"line":214,"column":2},"end":{"line":214,"column":9}},"loc":{"start":{"line":214,"column":45},"end":{"line":234,"column":null}},"line":214},"18":{"name":"(anonymous_18)","decl":{"start":{"line":236,"column":2},"end":{"line":236,"column":30}},"loc":{"start":{"line":236,"column":30},"end":{"line":238,"column":null}},"line":236},"19":{"name":"(anonymous_19)","decl":{"start":{"line":240,"column":2},"end":{"line":240,"column":28}},"loc":{"start":{"line":240,"column":28},"end":{"line":242,"column":null}},"line":240},"20":{"name":"(anonymous_20)","decl":{"start":{"line":244,"column":2},"end":{"line":244,"column":11}},"loc":{"start":{"line":244,"column":51},"end":{"line":246,"column":null}},"line":244},"21":{"name":"(anonymous_21)","decl":{"start":{"line":248,"column":2},"end":{"line":248,"column":32}},"loc":{"start":{"line":248,"column":32},"end":{"line":250,"column":null}},"line":248},"22":{"name":"(anonymous_22)","decl":{"start":{"line":252,"column":2},"end":{"line":252,"column":8}},"loc":{"start":{"line":252,"column":42},"end":{"line":258,"column":null}},"line":252},"23":{"name":"(anonymous_23)","decl":{"start":{"line":260,"column":2},"end":{"line":260,"column":29}},"loc":{"start":{"line":260,"column":29},"end":{"line":262,"column":null}},"line":260},"24":{"name":"(anonymous_24)","decl":{"start":{"line":264,"column":2},"end":{"line":264,"column":28}},"loc":{"start":{"line":264,"column":28},"end":{"line":266,"column":null}},"line":264},"25":{"name":"(anonymous_25)","decl":{"start":{"line":268,"column":2},"end":{"line":268,"column":null}},"loc":{"start":{"line":271,"column":23},"end":{"line":308,"column":null}},"line":271},"26":{"name":"(anonymous_26)","decl":{"start":{"line":310,"column":2},"end":{"line":310,"column":9}},"loc":{"start":{"line":310,"column":43},"end":{"line":312,"column":null}},"line":310},"27":{"name":"(anonymous_27)","decl":{"start":{"line":315,"column":26},"end":{"line":315,"column":null}},"loc":{"start":{"line":318,"column":24},"end":{"line":318,"column":null}},"line":318},"28":{"name":"(anonymous_28)","decl":{"start":{"line":320,"column":29},"end":{"line":320,"column":null}},"loc":{"start":{"line":322,"column":32},"end":{"line":322,"column":null}},"line":322},"29":{"name":"(anonymous_29)","decl":{"start":{"line":324,"column":17},"end":{"line":324,"column":null}},"loc":{"start":{"line":328,"column":2},"end":{"line":328,"column":null}},"line":328},"30":{"name":"(anonymous_30)","decl":{"start":{"line":339,"column":30},"end":{"line":339,"column":null}},"loc":{"start":{"line":341,"column":23},"end":{"line":348,"column":null}},"line":341},"31":{"name":"(anonymous_31)","decl":{"start":{"line":343,"column":18},"end":{"line":343,"column":19}},"loc":{"start":{"line":344,"column":4},"end":{"line":344,"column":null}},"line":344},"32":{"name":"(anonymous_32)","decl":{"start":{"line":350,"column":44},"end":{"line":350,"column":null}},"loc":{"start":{"line":355,"column":2},"end":{"line":355,"column":null}},"line":355},"33":{"name":"(anonymous_33)","decl":{"start":{"line":372,"column":29},"end":{"line":372,"column":null}},"loc":{"start":{"line":374,"column":19},"end":{"line":377,"column":null}},"line":374},"34":{"name":"(anonymous_34)","decl":{"start":{"line":375,"column":9},"end":{"line":375,"column":10}},"loc":{"start":{"line":376,"column":4},"end":{"line":376,"column":null}},"line":376},"35":{"name":"(anonymous_35)","decl":{"start":{"line":379,"column":30},"end":{"line":379,"column":null}},"loc":{"start":{"line":381,"column":23},"end":{"line":396,"column":null}},"line":381},"36":{"name":"(anonymous_36)","decl":{"start":{"line":383,"column":9},"end":{"line":383,"column":null}},"loc":{"start":{"line":386,"column":42},"end":{"line":395,"column":null}},"line":386},"37":{"name":"(anonymous_37)","decl":{"start":{"line":398,"column":28},"end":{"line":398,"column":null}},"loc":{"start":{"line":400,"column":33},"end":{"line":407,"column":null}},"line":400},"38":{"name":"(anonymous_38)","decl":{"start":{"line":409,"column":30},"end":{"line":409,"column":null}},"loc":{"start":{"line":412,"column":25},"end":{"line":415,"column":null}},"line":412},"39":{"name":"(anonymous_39)","decl":{"start":{"line":417,"column":30},"end":{"line":417,"column":null}},"loc":{"start":{"line":420,"column":25},"end":{"line":423,"column":null}},"line":420},"40":{"name":"(anonymous_40)","decl":{"start":{"line":425,"column":26},"end":{"line":425,"column":null}},"loc":{"start":{"line":429,"column":5},"end":{"line":429,"column":null}},"line":429},"41":{"name":"(anonymous_41)","decl":{"start":{"line":431,"column":31},"end":{"line":431,"column":null}},"loc":{"start":{"line":434,"column":11},"end":{"line":444,"column":null}},"line":434}},"branchMap":{"0":{"loc":{"start":{"line":66,"column":2},"end":{"line":73,"column":null}},"type":"if","locations":[{"start":{"line":66,"column":2},"end":{"line":73,"column":null}},{"start":{},"end":{}}],"line":66},"1":{"loc":{"start":{"line":80,"column":2},"end":{"line":80,"column":null}},"type":"if","locations":[{"start":{"line":80,"column":2},"end":{"line":80,"column":null}},{"start":{},"end":{}}],"line":80},"2":{"loc":{"start":{"line":93,"column":4},"end":{"line":99,"column":null}},"type":"if","locations":[{"start":{"line":93,"column":4},"end":{"line":99,"column":null}},{"start":{},"end":{}}],"line":93},"3":{"loc":{"start":{"line":132,"column":4},"end":{"line":132,"column":null}},"type":"if","locations":[{"start":{"line":132,"column":4},"end":{"line":132,"column":null}},{"start":{},"end":{}}],"line":132},"4":{"loc":{"start":{"line":141,"column":4},"end":{"line":149,"column":null}},"type":"if","locations":[{"start":{"line":141,"column":4},"end":{"line":149,"column":null}},{"start":{},"end":{}}],"line":141},"5":{"loc":{"start":{"line":156,"column":4},"end":{"line":163,"column":null}},"type":"if","locations":[{"start":{"line":156,"column":4},"end":{"line":163,"column":null}},{"start":{},"end":{}}],"line":156},"6":{"loc":{"start":{"line":166,"column":38},"end":{"line":166,"column":62}},"type":"default-arg","locations":[{"start":{"line":166,"column":47},"end":{"line":166,"column":62}}],"line":166},"7":{"loc":{"start":{"line":168,"column":4},"end":{"line":177,"column":null}},"type":"if","locations":[{"start":{"line":168,"column":4},"end":{"line":177,"column":null}},{"start":{},"end":{}}],"line":168},"8":{"loc":{"start":{"line":169,"column":6},"end":{"line":175,"column":null}},"type":"if","locations":[{"start":{"line":169,"column":6},"end":{"line":175,"column":null}},{"start":{},"end":{}}],"line":169},"9":{"loc":{"start":{"line":181,"column":39},"end":{"line":181,"column":62}},"type":"default-arg","locations":[{"start":{"line":181,"column":48},"end":{"line":181,"column":62}}],"line":181},"10":{"loc":{"start":{"line":182,"column":4},"end":{"line":190,"column":null}},"type":"if","locations":[{"start":{"line":182,"column":4},"end":{"line":190,"column":null}},{"start":{"line":188,"column":4},"end":{"line":190,"column":null}}],"line":182},"11":{"loc":{"start":{"line":188,"column":4},"end":{"line":190,"column":null}},"type":"if","locations":[{"start":{"line":188,"column":4},"end":{"line":190,"column":null}},{"start":{},"end":{}}],"line":188},"12":{"loc":{"start":{"line":189,"column":13},"end":{"line":189,"column":null}},"type":"cond-expr","locations":[{"start":{"line":189,"column":44},"end":{"line":189,"column":49}},{"start":{"line":189,"column":49},"end":{"line":189,"column":null}}],"line":189},"13":{"loc":{"start":{"line":192,"column":4},"end":{"line":192,"column":null}},"type":"if","locations":[{"start":{"line":192,"column":4},"end":{"line":192,"column":null}},{"start":{},"end":{}}],"line":192},"14":{"loc":{"start":{"line":193,"column":11},"end":{"line":193,"column":null}},"type":"cond-expr","locations":[{"start":{"line":193,"column":22},"end":{"line":193,"column":27}},{"start":{"line":193,"column":27},"end":{"line":193,"column":null}}],"line":193},"15":{"loc":{"start":{"line":207,"column":4},"end":{"line":207,"column":null}},"type":"if","locations":[{"start":{"line":207,"column":4},"end":{"line":207,"column":null}},{"start":{},"end":{}}],"line":207},"16":{"loc":{"start":{"line":208,"column":4},"end":{"line":208,"column":null}},"type":"if","locations":[{"start":{"line":208,"column":4},"end":{"line":208,"column":null}},{"start":{},"end":{}}],"line":208},"17":{"loc":{"start":{"line":209,"column":4},"end":{"line":210,"column":null}},"type":"if","locations":[{"start":{"line":209,"column":4},"end":{"line":210,"column":null}},{"start":{},"end":{}}],"line":209},"18":{"loc":{"start":{"line":215,"column":4},"end":{"line":215,"column":null}},"type":"if","locations":[{"start":{"line":215,"column":4},"end":{"line":215,"column":null}},{"start":{},"end":{}}],"line":215},"19":{"loc":{"start":{"line":216,"column":4},"end":{"line":223,"column":null}},"type":"if","locations":[{"start":{"line":216,"column":4},"end":{"line":223,"column":null}},{"start":{},"end":{}}],"line":216},"20":{"loc":{"start":{"line":225,"column":4},"end":{"line":232,"column":null}},"type":"if","locations":[{"start":{"line":225,"column":4},"end":{"line":232,"column":null}},{"start":{},"end":{}}],"line":225},"21":{"loc":{"start":{"line":244,"column":11},"end":{"line":244,"column":51}},"type":"default-arg","locations":[{"start":{"line":244,"column":26},"end":{"line":244,"column":51}}],"line":244},"22":{"loc":{"start":{"line":245,"column":11},"end":{"line":245,"column":null}},"type":"cond-expr","locations":[{"start":{"line":245,"column":26},"end":{"line":245,"column":54}},{"start":{"line":245,"column":54},"end":{"line":245,"column":null}}],"line":245},"23":{"loc":{"start":{"line":252,"column":8},"end":{"line":252,"column":42}},"type":"default-arg","locations":[{"start":{"line":252,"column":20},"end":{"line":252,"column":42}}],"line":252},"24":{"loc":{"start":{"line":254,"column":6},"end":{"line":256,"column":null}},"type":"cond-expr","locations":[{"start":{"line":255,"column":10},"end":{"line":255,"column":null}},{"start":{"line":256,"column":10},"end":{"line":256,"column":null}}],"line":254},"25":{"loc":{"start":{"line":286,"column":4},"end":{"line":293,"column":null}},"type":"if","locations":[{"start":{"line":286,"column":4},"end":{"line":293,"column":null}},{"start":{},"end":{}}],"line":286},"26":{"loc":{"start":{"line":286,"column":8},"end":{"line":286,"column":66}},"type":"binary-expr","locations":[{"start":{"line":286,"column":8},"end":{"line":286,"column":38}},{"start":{"line":286,"column":38},"end":{"line":286,"column":66}}],"line":286},"27":{"loc":{"start":{"line":294,"column":4},"end":{"line":301,"column":null}},"type":"if","locations":[{"start":{"line":294,"column":4},"end":{"line":301,"column":null}},{"start":{},"end":{}}],"line":294},"28":{"loc":{"start":{"line":326,"column":2},"end":{"line":326,"column":null}},"type":"default-arg","locations":[{"start":{"line":326,"column":15},"end":{"line":326,"column":null}}],"line":326},"29":{"loc":{"start":{"line":376,"column":4},"end":{"line":376,"column":null}},"type":"binary-expr","locations":[{"start":{"line":376,"column":4},"end":{"line":376,"column":28}},{"start":{"line":376,"column":28},"end":{"line":376,"column":null}}],"line":376},"30":{"loc":{"start":{"line":387,"column":4},"end":{"line":394,"column":null}},"type":"if","locations":[{"start":{"line":387,"column":4},"end":{"line":394,"column":null}},{"start":{},"end":{}}],"line":387},"31":{"loc":{"start":{"line":390,"column":16},"end":{"line":390,"column":null}},"type":"cond-expr","locations":[{"start":{"line":390,"column":39},"end":{"line":390,"column":49}},{"start":{"line":390,"column":49},"end":{"line":390,"column":null}}],"line":390},"32":{"loc":{"start":{"line":402,"column":4},"end":{"line":405,"column":null}},"type":"binary-expr","locations":[{"start":{"line":402,"column":4},"end":{"line":402,"column":null}},{"start":{"line":403,"column":4},"end":{"line":403,"column":null}},{"start":{"line":404,"column":4},"end":{"line":404,"column":null}},{"start":{"line":405,"column":4},"end":{"line":405,"column":null}}],"line":402},"33":{"loc":{"start":{"line":414,"column":9},"end":{"line":414,"column":null}},"type":"cond-expr","locations":[{"start":{"line":414,"column":40},"end":{"line":414,"column":44}},{"start":{"line":414,"column":44},"end":{"line":414,"column":null}}],"line":414},"34":{"loc":{"start":{"line":422,"column":9},"end":{"line":422,"column":null}},"type":"cond-expr","locations":[{"start":{"line":422,"column":40},"end":{"line":422,"column":44}},{"start":{"line":422,"column":44},"end":{"line":422,"column":null}}],"line":422},"35":{"loc":{"start":{"line":436,"column":4},"end":{"line":436,"column":null}},"type":"cond-expr","locations":[{"start":{"line":436,"column":38},"end":{"line":436,"column":52}},{"start":{"line":436,"column":52},"end":{"line":436,"column":null}}],"line":436},"36":{"loc":{"start":{"line":437,"column":2},"end":{"line":443,"column":null}},"type":"if","locations":[{"start":{"line":437,"column":2},"end":{"line":443,"column":null}},{"start":{},"end":{}}],"line":437}},"s":{"0":20,"1":20,"2":20,"3":9,"4":1,"5":3,"6":1,"7":2,"8":2,"9":74,"10":3,"11":71,"12":71,"13":71,"14":71,"15":37,"16":1,"17":50,"18":17,"19":1,"20":2,"21":1,"22":1,"23":12,"24":4,"25":4,"26":2,"27":1,"28":3,"29":3,"30":2,"31":1,"32":1,"33":1,"34":5,"35":4,"36":1,"37":1,"38":3,"39":3,"40":1,"41":2,"42":2,"43":2,"44":1,"45":1,"46":5,"47":1,"48":4,"49":4,"50":3,"51":3,"52":2,"53":2,"54":0,"55":2,"56":1,"57":1,"58":1,"59":0,"60":1,"61":1,"62":1,"63":2,"64":1,"65":1,"66":1,"67":1,"68":1,"69":4,"70":4,"71":4,"72":4,"73":4,"74":0,"75":2,"76":1,"77":1,"78":1,"79":13,"80":1,"81":59,"82":1,"83":16,"84":1,"85":38,"86":1,"87":64,"88":64,"89":21,"90":64,"91":1,"92":63,"93":1,"94":1,"95":5,"96":11,"97":1,"98":2,"99":2,"100":4,"101":3,"102":1,"103":5,"104":1,"105":2,"106":2,"107":1,"108":2,"109":2,"110":1,"111":2,"112":1,"113":4,"114":4,"115":2},"f":{"0":20,"1":3,"2":74,"3":37,"4":1,"5":50,"6":17,"7":1,"8":2,"9":12,"10":4,"11":2,"12":3,"13":5,"14":2,"15":1,"16":5,"17":2,"18":1,"19":1,"20":2,"21":1,"22":1,"23":1,"24":1,"25":4,"26":13,"27":59,"28":16,"29":38,"30":64,"31":21,"32":63,"33":5,"34":11,"35":2,"36":4,"37":5,"38":2,"39":2,"40":2,"41":4},"b":{"0":[9,11],"1":[1,2],"2":[3,71],"3":[1,1],"4":[4,0],"5":[1,1],"6":[3],"7":[2,1],"8":[1,1],"9":[5],"10":[4,1],"11":[1,0],"12":[0,1],"13":[1,2],"14":[1,1],"15":[1,4],"16":[1,3],"17":[1,2],"18":[0,2],"19":[1,1],"20":[0,1],"21":[2],"22":[1,1],"23":[1],"24":[0,1],"25":[0,4],"26":[4,2],"27":[1,1],"28":[38],"29":[11,8],"30":[3,1],"31":[3,0],"32":[5,4,3,2],"33":[1,0],"34":[0,1],"35":[2,2],"36":[2,2]},"meta":{"lastBranch":37,"lastFunction":42,"lastStatement":116,"seen":{"f:59:16:59:Infinity":0,"s:64:19:64:Infinity":0,"s:65:20:65:Infinity":1,"b:66:2:73:Infinity:undefined:undefined:undefined:undefined":0,"s:66:2:73:Infinity":2,"s:67:4:72:Infinity":3,"s:76:22:83:Infinity":4,"f:76:22:76:Infinity":1,"b:80:2:80:Infinity:undefined:undefined:undefined:undefined":1,"s:80:2:80:Infinity":5,"s:80:33:80:Infinity":6,"s:81:2:81:Infinity":7,"s:82:2:82:Infinity":8,"f:92:2:92:14":2,"b:93:4:99:Infinity:undefined:undefined:undefined:undefined":2,"s:93:4:99:Infinity":9,"s:94:6:98:Infinity":10,"s:100:27:100:Infinity":11,"s:101:4:101:Infinity":12,"s:102:4:102:Infinity":13,"s:103:4:108:Infinity":14,"f:111:2:111:16":3,"s:112:4:112:Infinity":15,"f:115:2:115:21":4,"s:116:4:116:Infinity":16,"f:119:2:119:18":5,"s:120:4:120:Infinity":17,"f:123:2:123:21":6,"s:124:4:124:Infinity":18,"f:127:2:127:20":7,"s:128:4:128:Infinity":19,"f:131:3:131:21":8,"b:132:4:132:Infinity:undefined:undefined:undefined:undefined":3,"s:132:4:132:Infinity":20,"s:132:27:132:Infinity":21,"s:133:4:133:Infinity":22,"f:136:2:136:9":9,"s:137:4:137:Infinity":23,"f:140:2:140:13":10,"b:141:4:149:Infinity:undefined:undefined:undefined:undefined":4,"s:141:4:149:Infinity":24,"s:142:6:148:Infinity":25,"f:152:2:152:Infinity":11,"b:156:4:163:Infinity:undefined:undefined:undefined:undefined":5,"s:156:4:163:Infinity":26,"s:157:6:162:Infinity":27,"f:166:2:166:9":12,"b:166:47:166:62":6,"s:167:22:167:Infinity":28,"b:168:4:177:Infinity:undefined:undefined:undefined:undefined":7,"s:168:4:177:Infinity":29,"b:169:6:175:Infinity:undefined:undefined:undefined:undefined":8,"s:169:6:175:Infinity":30,"s:170:8:174:Infinity":31,"s:176:6:176:Infinity":32,"s:178:4:178:Infinity":33,"f:181:2:181:10":13,"b:181:48:181:62":9,"b:182:4:190:Infinity:188:4:190:Infinity":10,"s:182:4:190:Infinity":34,"s:183:6:187:Infinity":35,"b:188:4:190:Infinity:undefined:undefined:undefined:undefined":11,"s:188:4:190:Infinity":36,"s:189:6:189:Infinity":37,"b:189:44:189:49:189:49:189:Infinity":12,"s:191:17:191:Infinity":38,"b:192:4:192:Infinity:undefined:undefined:undefined:undefined":13,"s:192:4:192:Infinity":39,"s:192:20:192:Infinity":40,"s:193:4:193:Infinity":41,"b:193:22:193:27:193:27:193:Infinity":14,"f:196:2:196:6":14,"s:197:17:197:Infinity":42,"s:198:4:198:Infinity":43,"f:201:2:201:11":15,"s:202:17:202:Infinity":44,"s:203:4:203:Infinity":45,"f:206:2:206:11":16,"b:207:4:207:Infinity:undefined:undefined:undefined:undefined":15,"s:207:4:207:Infinity":46,"s:207:22:207:Infinity":47,"b:208:4:208:Infinity:undefined:undefined:undefined:undefined":16,"s:208:4:208:Infinity":48,"s:208:22:208:Infinity":49,"b:209:4:210:Infinity:undefined:undefined:undefined:undefined":17,"s:209:4:210:Infinity":50,"s:210:6:210:Infinity":51,"s:211:4:211:Infinity":52,"f:214:2:214:9":17,"b:215:4:215:Infinity:undefined:undefined:undefined:undefined":18,"s:215:4:215:Infinity":53,"s:215:23:215:Infinity":54,"b:216:4:223:Infinity:undefined:undefined:undefined:undefined":19,"s:216:4:223:Infinity":55,"s:217:6:222:Infinity":56,"s:224:19:224:Infinity":57,"b:225:4:232:Infinity:undefined:undefined:undefined:undefined":20,"s:225:4:232:Infinity":58,"s:226:6:231:Infinity":59,"s:233:4:233:Infinity":60,"f:236:2:236:30":18,"s:237:4:237:Infinity":61,"f:240:2:240:28":19,"s:241:4:241:Infinity":62,"f:244:2:244:11":20,"b:244:26:244:51":21,"s:245:4:245:Infinity":63,"b:245:26:245:54:245:54:245:Infinity":22,"f:248:2:248:32":21,"s:249:4:249:Infinity":64,"f:252:2:252:8":22,"b:252:20:252:42":23,"s:254:6:256:Infinity":65,"b:255:10:255:Infinity:256:10:256:Infinity":24,"s:257:4:257:Infinity":66,"f:260:2:260:29":23,"s:261:4:261:Infinity":67,"f:264:2:264:28":24,"s:265:4:265:Infinity":68,"f:268:2:268:Infinity":25,"s:272:4:276:Infinity":69,"s:277:4:281:Infinity":70,"s:283:21:283:Infinity":71,"s:284:21:284:Infinity":72,"b:286:4:293:Infinity:undefined:undefined:undefined:undefined":25,"s:286:4:293:Infinity":73,"b:286:8:286:38:286:38:286:66":26,"s:287:6:292:Infinity":74,"b:294:4:301:Infinity:undefined:undefined:undefined:undefined":27,"s:294:4:301:Infinity":75,"s:295:6:300:Infinity":76,"s:303:20:306:Infinity":77,"s:307:4:307:Infinity":78,"f:310:2:310:9":26,"s:311:4:311:Infinity":79,"s:315:26:318:Infinity":80,"f:315:26:315:Infinity":27,"s:318:24:318:Infinity":81,"s:320:29:322:Infinity":82,"f:320:29:320:Infinity":28,"s:322:32:322:Infinity":83,"s:324:17:328:Infinity":84,"f:324:17:324:Infinity":29,"s:328:2:328:Infinity":85,"b:326:15:326:Infinity":28,"s:339:30:348:Infinity":86,"f:339:30:339:Infinity":30,"s:342:25:342:Infinity":87,"s:343:18:344:Infinity":88,"f:343:18:343:19":31,"s:344:4:344:Infinity":89,"s:345:2:347:Infinity":90,"s:350:44:355:Infinity":91,"f:350:44:350:Infinity":32,"s:355:2:355:Infinity":92,"s:357:39:357:Infinity":93,"s:372:29:377:Infinity":94,"f:372:29:372:Infinity":33,"s:375:2:376:Infinity":95,"f:375:9:375:10":34,"s:376:4:376:Infinity":96,"b:376:4:376:28:376:28:376:Infinity":29,"s:379:30:396:Infinity":97,"f:379:30:379:Infinity":35,"s:382:16:382:Infinity":98,"s:383:2:395:Infinity":99,"f:383:9:383:Infinity":36,"b:387:4:394:Infinity:undefined:undefined:undefined:undefined":30,"s:387:4:394:Infinity":100,"s:388:6:393:Infinity":101,"b:390:39:390:49:390:49:390:Infinity":31,"s:398:28:407:Infinity":102,"f:398:28:398:Infinity":37,"s:401:2:405:Infinity":103,"b:402:4:402:Infinity:403:4:403:Infinity:404:4:404:Infinity:405:4:405:Infinity":32,"s:409:30:415:Infinity":104,"f:409:30:409:Infinity":38,"s:413:2:413:Infinity":105,"s:414:2:414:Infinity":106,"b:414:40:414:44:414:44:414:Infinity":33,"s:417:30:423:Infinity":107,"f:417:30:417:Infinity":39,"s:421:2:421:Infinity":108,"s:422:2:422:Infinity":109,"b:422:40:422:44:422:44:422:Infinity":34,"s:425:26:429:Infinity":110,"f:425:26:425:Infinity":40,"s:429:5:429:Infinity":111,"s:431:31:444:Infinity":112,"f:431:31:431:Infinity":41,"s:436:4:436:Infinity":113,"b:436:38:436:52:436:52:436:Infinity":35,"b:437:2:443:Infinity:undefined:undefined:undefined:undefined":36,"s:437:2:443:Infinity":114,"s:438:4:442:Infinity":115}}}
,"/Users/stephane/Documents/GitHub/css-calipers/src/index.ts": {"path":"/Users/stephane/Documents/GitHub/css-calipers/src/index.ts","statementMap":{},"fnMap":{},"branchMap":{},"s":{},"f":{},"b":{},"meta":{"lastBranch":0,"lastFunction":0,"lastStatement":0,"seen":{}}}
,"/Users/stephane/Documents/GitHub/css-calipers/src/unitDefinitions.ts": {"path":"/Users/stephane/Documents/GitHub/css-calipers/src/unitDefinitions.ts","statementMap":{"0":{"start":{"line":22,"column":32},"end":{"line":97,"column":null}}},"fnMap":{},"branchMap":{},"s":{"0":1},"f":{},"b":{},"meta":{"lastBranch":0,"lastFunction":0,"lastStatement":1,"seen":{"s:22:32:97:Infinity":0}}}
,"/Users/stephane/Documents/GitHub/css-calipers/src/internal/errors.ts": {"path":"/Users/stephane/Documents/GitHub/css-calipers/src/internal/errors.ts","statementMap":{"0":{"start":{"line":27,"column":27},"end":{"line":34,"column":null}},"1":{"start":{"line":32,"column":15},"end":{"line":32,"column":null}},"2":{"start":{"line":33,"column":2},"end":{"line":33,"column":null}},"3":{"start":{"line":37,"column":43},"end":{"line":43,"column":null}},"4":{"start":{"line":40,"column":2},"end":{"line":42,"column":null}},"5":{"start":{"line":46,"column":32},"end":{"line":50,"column":null}},"6":{"start":{"line":47,"column":2},"end":{"line":49,"column":null}}},"fnMap":{"0":{"name":"(anonymous_0)","decl":{"start":{"line":27,"column":27},"end":{"line":27,"column":null}},"loc":{"start":{"line":31,"column":13},"end":{"line":34,"column":null}},"line":31},"1":{"name":"(anonymous_1)","decl":{"start":{"line":37,"column":43},"end":{"line":37,"column":null}},"loc":{"start":{"line":39,"column":12},"end":{"line":43,"column":null}},"line":39},"2":{"name":"(anonymous_2)","decl":{"start":{"line":46,"column":32},"end":{"line":46,"column":33}},"loc":{"start":{"line":46,"column":68},"end":{"line":50,"column":null}},"line":46}},"branchMap":{"0":{"loc":{"start":{"line":33,"column":9},"end":{"line":33,"column":null}},"type":"cond-expr","locations":[{"start":{"line":33,"column":19},"end":{"line":33,"column":43}},{"start":{"line":33,"column":43},"end":{"line":33,"column":null}}],"line":33}},"s":{"0":1,"1":24,"2":24,"3":1,"4":7,"5":1,"6":17},"f":{"0":24,"1":7,"2":17},"b":{"0":[12,12]},"meta":{"lastBranch":1,"lastFunction":3,"lastStatement":7,"seen":{"s:27:27:34:Infinity":0,"f:27:27:27:Infinity":0,"s:32:15:32:Infinity":1,"s:33:2:33:Infinity":2,"b:33:19:33:43:33:43:33:Infinity":0,"s:37:43:43:Infinity":3,"f:37:43:37:Infinity":1,"s:40:2:42:Infinity":4,"s:46:32:50:Infinity":5,"f:46:32:46:33":2,"s:47:2:49:Infinity":6}}}
,"/Users/stephane/Documents/GitHub/css-calipers/src/units/absolute.ts": {"path":"/Users/stephane/Documents/GitHub/css-calipers/src/units/absolute.ts","statementMap":{"0":{"start":{"line":6,"column":13},"end":{"line":6,"column":null}},"1":{"start":{"line":7,"column":13},"end":{"line":7,"column":null}},"2":{"start":{"line":8,"column":13},"end":{"line":8,"column":null}},"3":{"start":{"line":9,"column":13},"end":{"line":9,"column":null}},"4":{"start":{"line":10,"column":13},"end":{"line":10,"column":null}},"5":{"start":{"line":11,"column":13},"end":{"line":11,"column":null}},"6":{"start":{"line":12,"column":13},"end":{"line":12,"column":null}}},"fnMap":{},"branchMap":{},"s":{"0":1,"1":1,"2":1,"3":1,"4":1,"5":1,"6":1},"f":{},"b":{},"meta":{"lastBranch":0,"lastFunction":0,"lastStatement":7,"seen":{"s:6:13:6:Infinity":0,"s:7:13:7:Infinity":1,"s:8:13:8:Infinity":2,"s:9:13:9:Infinity":3,"s:10:13:10:Infinity":4,"s:11:13:11:Infinity":5,"s:12:13:12:Infinity":6}}}
,"/Users/stephane/Documents/GitHub/css-calipers/src/units/angle.ts": {"path":"/Users/stephane/Documents/GitHub/css-calipers/src/units/angle.ts","statementMap":{"0":{"start":{"line":6,"column":13},"end":{"line":6,"column":null}},"1":{"start":{"line":7,"column":13},"end":{"line":7,"column":null}},"2":{"start":{"line":8,"column":13},"end":{"line":8,"column":null}},"3":{"start":{"line":9,"column":13},"end":{"line":9,"column":null}}},"fnMap":{},"branchMap":{},"s":{"0":1,"1":1,"2":1,"3":1},"f":{},"b":{},"meta":{"lastBranch":0,"lastFunction":0,"lastStatement":4,"seen":{"s:6:13:6:Infinity":0,"s:7:13:7:Infinity":1,"s:8:13:8:Infinity":2,"s:9:13:9:Infinity":3}}}
,"/Users/stephane/Documents/GitHub/css-calipers/src/units/container.ts": {"path":"/Users/stephane/Documents/GitHub/css-calipers/src/units/container.ts","statementMap":{"0":{"start":{"line":6,"column":13},"end":{"line":6,"column":null}},"1":{"start":{"line":7,"column":13},"end":{"line":7,"column":null}},"2":{"start":{"line":8,"column":13},"end":{"line":8,"column":null}},"3":{"start":{"line":9,"column":13},"end":{"line":9,"column":null}},"4":{"start":{"line":10,"column":13},"end":{"line":10,"column":null}},"5":{"start":{"line":11,"column":13},"end":{"line":11,"column":null}}},"fnMap":{},"branchMap":{},"s":{"0":1,"1":1,"2":1,"3":1,"4":1,"5":1},"f":{},"b":{},"meta":{"lastBranch":0,"lastFunction":0,"lastStatement":6,"seen":{"s:6:13:6:Infinity":0,"s:7:13:7:Infinity":1,"s:8:13:8:Infinity":2,"s:9:13:9:Infinity":3,"s:10:13:10:Infinity":4,"s:11:13:11:Infinity":5}}}
,"/Users/stephane/Documents/GitHub/css-calipers/src/units/font-relative.ts": {"path":"/Users/stephane/Documents/GitHub/css-calipers/src/units/font-relative.ts","statementMap":{"0":{"start":{"line":6,"column":13},"end":{"line":6,"column":null}},"1":{"start":{"line":7,"column":13},"end":{"line":7,"column":null}},"2":{"start":{"line":8,"column":13},"end":{"line":8,"column":null}},"3":{"start":{"line":9,"column":13},"end":{"line":9,"column":null}},"4":{"start":{"line":10,"column":13},"end":{"line":10,"column":null}},"5":{"start":{"line":11,"column":13},"end":{"line":11,"column":null}},"6":{"start":{"line":12,"column":13},"end":{"line":12,"column":null}},"7":{"start":{"line":13,"column":13},"end":{"line":13,"column":null}},"8":{"start":{"line":14,"column":13},"end":{"line":14,"column":null}},"9":{"start":{"line":15,"column":13},"end":{"line":15,"column":null}},"10":{"start":{"line":16,"column":13},"end":{"line":16,"column":null}},"11":{"start":{"line":17,"column":13},"end":{"line":17,"column":null}}},"fnMap":{},"branchMap":{},"s":{"0":1,"1":1,"2":1,"3":1,"4":1,"5":1,"6":1,"7":1,"8":1,"9":1,"10":1,"11":1},"f":{},"b":{},"meta":{"lastBranch":0,"lastFunction":0,"lastStatement":12,"seen":{"s:6:13:6:Infinity":0,"s:7:13:7:Infinity":1,"s:8:13:8:Infinity":2,"s:9:13:9:Infinity":3,"s:10:13:10:Infinity":4,"s:11:13:11:Infinity":5,"s:12:13:12:Infinity":6,"s:13:13:13:Infinity":7,"s:14:13:14:Infinity":8,"s:15:13:15:Infinity":9,"s:16:13:16:Infinity":10,"s:17:13:17:Infinity":11}}}
,"/Users/stephane/Documents/GitHub/css-calipers/src/units/frequency.ts": {"path":"/Users/stephane/Documents/GitHub/css-calipers/src/units/frequency.ts","statementMap":{"0":{"start":{"line":6,"column":13},"end":{"line":6,"column":null}},"1":{"start":{"line":7,"column":13},"end":{"line":7,"column":null}}},"fnMap":{},"branchMap":{},"s":{"0":1,"1":1},"f":{},"b":{},"meta":{"lastBranch":0,"lastFunction":0,"lastStatement":2,"seen":{"s:6:13:6:Infinity":0,"s:7:13:7:Infinity":1}}}
,"/Users/stephane/Documents/GitHub/css-calipers/src/units/grid.ts": {"path":"/Users/stephane/Documents/GitHub/css-calipers/src/units/grid.ts","statementMap":{"0":{"start":{"line":6,"column":13},"end":{"line":6,"column":null}}},"fnMap":{},"branchMap":{},"s":{"0":1},"f":{},"b":{},"meta":{"lastBranch":0,"lastFunction":0,"lastStatement":1,"seen":{"s:6:13:6:Infinity":0}}}
,"/Users/stephane/Documents/GitHub/css-calipers/src/units/percent.ts": {"path":"/Users/stephane/Documents/GitHub/css-calipers/src/units/percent.ts","statementMap":{"0":{"start":{"line":8,"column":13},"end":{"line":8,"column":null}},"1":{"start":{"line":12,"column":13},"end":{"line":12,"column":null}},"2":{"start":{"line":13,"column":13},"end":{"line":13,"column":null}}},"fnMap":{},"branchMap":{},"s":{"0":1,"1":1,"2":1},"f":{},"b":{},"meta":{"lastBranch":0,"lastFunction":0,"lastStatement":3,"seen":{"s:8:13:8:Infinity":0,"s:12:13:12:Infinity":1,"s:13:13:13:Infinity":2}}}
,"/Users/stephane/Documents/GitHub/css-calipers/src/units/resolution.ts": {"path":"/Users/stephane/Documents/GitHub/css-calipers/src/units/resolution.ts","statementMap":{"0":{"start":{"line":6,"column":13},"end":{"line":6,"column":null}},"1":{"start":{"line":7,"column":13},"end":{"line":7,"column":null}},"2":{"start":{"line":8,"column":13},"end":{"line":8,"column":null}}},"fnMap":{},"branchMap":{},"s":{"0":1,"1":1,"2":1},"f":{},"b":{},"meta":{"lastBranch":0,"lastFunction":0,"lastStatement":3,"seen":{"s:6:13:6:Infinity":0,"s:7:13:7:Infinity":1,"s:8:13:8:Infinity":2}}}
,"/Users/stephane/Documents/GitHub/css-calipers/src/units/time.ts": {"path":"/Users/stephane/Documents/GitHub/css-calipers/src/units/time.ts","statementMap":{"0":{"start":{"line":6,"column":13},"end":{"line":6,"column":null}},"1":{"start":{"line":7,"column":13},"end":{"line":7,"column":null}}},"fnMap":{},"branchMap":{},"s":{"0":1,"1":1},"f":{},"b":{},"meta":{"lastBranch":0,"lastFunction":0,"lastStatement":2,"seen":{"s:6:13:6:Infinity":0,"s:7:13:7:Infinity":1}}}
,"/Users/stephane/Documents/GitHub/css-calipers/src/units/viewport-dynamic.ts": {"path":"/Users/stephane/Documents/GitHub/css-calipers/src/units/viewport-dynamic.ts","statementMap":{"0":{"start":{"line":6,"column":13},"end":{"line":6,"column":null}},"1":{"start":{"line":7,"column":13},"end":{"line":7,"column":null}},"2":{"start":{"line":8,"column":13},"end":{"line":8,"column":null}},"3":{"start":{"line":9,"column":13},"end":{"line":9,"column":null}},"4":{"start":{"line":10,"column":13},"end":{"line":10,"column":null}},"5":{"start":{"line":11,"column":13},"end":{"line":11,"column":null}}},"fnMap":{},"branchMap":{},"s":{"0":1,"1":1,"2":1,"3":1,"4":1,"5":1},"f":{},"b":{},"meta":{"lastBranch":0,"lastFunction":0,"lastStatement":6,"seen":{"s:6:13:6:Infinity":0,"s:7:13:7:Infinity":1,"s:8:13:8:Infinity":2,"s:9:13:9:Infinity":3,"s:10:13:10:Infinity":4,"s:11:13:11:Infinity":5}}}
,"/Users/stephane/Documents/GitHub/css-calipers/src/units/viewport-large.ts": {"path":"/Users/stephane/Documents/GitHub/css-calipers/src/units/viewport-large.ts","statementMap":{"0":{"start":{"line":6,"column":13},"end":{"line":6,"column":null}},"1":{"start":{"line":7,"column":13},"end":{"line":7,"column":null}},"2":{"start":{"line":8,"column":13},"end":{"line":8,"column":null}},"3":{"start":{"line":9,"column":13},"end":{"line":9,"column":null}},"4":{"start":{"line":10,"column":13},"end":{"line":10,"column":null}},"5":{"start":{"line":11,"column":13},"end":{"line":11,"column":null}}},"fnMap":{},"branchMap":{},"s":{"0":1,"1":1,"2":1,"3":1,"4":1,"5":1},"f":{},"b":{},"meta":{"lastBranch":0,"lastFunction":0,"lastStatement":6,"seen":{"s:6:13:6:Infinity":0,"s:7:13:7:Infinity":1,"s:8:13:8:Infinity":2,"s:9:13:9:Infinity":3,"s:10:13:10:Infinity":4,"s:11:13:11:Infinity":5}}}
,"/Users/stephane/Documents/GitHub/css-calipers/src/units/viewport-small.ts": {"path":"/Users/stephane/Documents/GitHub/css-calipers/src/units/viewport-small.ts","statementMap":{"0":{"start":{"line":6,"column":13},"end":{"line":6,"column":null}},"1":{"start":{"line":7,"column":13},"end":{"line":7,"column":null}},"2":{"start":{"line":8,"column":13},"end":{"line":8,"column":null}},"3":{"start":{"line":9,"column":13},"end":{"line":9,"column":null}},"4":{"start":{"line":10,"column":13},"end":{"line":10,"column":null}},"5":{"start":{"line":11,"column":13},"end":{"line":11,"column":null}}},"fnMap":{},"branchMap":{},"s":{"0":1,"1":1,"2":1,"3":1,"4":1,"5":1},"f":{},"b":{},"meta":{"lastBranch":0,"lastFunction":0,"lastStatement":6,"seen":{"s:6:13:6:Infinity":0,"s:7:13:7:Infinity":1,"s:8:13:8:Infinity":2,"s:9:13:9:Infinity":3,"s:10:13:10:Infinity":4,"s:11:13:11:Infinity":5}}}
,"/Users/stephane/Documents/GitHub/css-calipers/src/units/viewport.ts": {"path":"/Users/stephane/Documents/GitHub/css-calipers/src/units/viewport.ts","statementMap":{"0":{"start":{"line":6,"column":13},"end":{"line":6,"column":null}},"1":{"start":{"line":7,"column":13},"end":{"line":7,"column":null}},"2":{"start":{"line":8,"column":13},"end":{"line":8,"column":null}},"3":{"start":{"line":9,"column":13},"end":{"line":9,"column":null}},"4":{"start":{"line":10,"column":13},"end":{"line":10,"column":null}},"5":{"start":{"line":11,"column":13},"end":{"line":11,"column":null}}},"fnMap":{},"branchMap":{},"s":{"0":1,"1":1,"2":1,"3":1,"4":1,"5":1},"f":{},"b":{},"meta":{"lastBranch":0,"lastFunction":0,"lastStatement":6,"seen":{"s:6:13:6:Infinity":0,"s:7:13:7:Infinity":1,"s:8:13:8:Infinity":2,"s:9:13:9:Infinity":3,"s:10:13:10:Infinity":4,"s:11:13:11:Infinity":5}}}
}
